Symbol table GLOBAL
name a type INT
name b type INT
name fe type INT
name j type INT
name i type INT
name str1 type STRING value "a equals b and c, they equal:"
name str2 type STRING value "a equals b, they equal:"

Symbol table printout
name a type INT
name b type INT
name c type INT

Symbol table BLOCK 0

Symbol table BLOCK 1

Symbol table BLOCK 2

Symbol table BLOCK 3

Symbol table main

Symbol table BLOCK 4

Symbol table BLOCK 5

Symbol table BLOCK 6

Symbol table BLOCK 7
